<?xml version="1.0" encoding="UTF-8"?>
<coverage generated="1604677618216" clover="3.2.0">
  <project timestamp="1604677618216" name="All files">
    <metrics statements="13" coveredstatements="8" conditionals="2" coveredconditionals="1" methods="8" coveredmethods="3" elements="23" coveredelements="12" complexity="0" loc="13" ncloc="13" packages="2" files="3" classes="3"/>
    <package name="vue-test-ts">
      <file name="main.ts" path="/home/runner/work/vue-test-ts/vue-test-ts/G:\git_clones\vue-test-ts\src\main.ts">
        <metrics statements="1" coveredstatements="1" conditionals="0" coveredconditionals="0" methods="0" coveredmethods="0"/>
        <line num="7" count="3" type="stmt"/>
      </file>
      <file name="registerServiceWorker.ts" path="/home/runner/work/vue-test-ts/vue-test-ts/G:\git_clones\vue-test-ts\src\registerServiceWorker.ts">
        <metrics statements="9" coveredstatements="4" conditionals="2" coveredconditionals="1" methods="7" coveredmethods="2"/>
        <line num="5" count="3" type="cond" truecount="1" falsecount="1"/>
        <line num="6" count="3" type="stmt"/>
        <line num="8" count="3" type="stmt"/>
        <line num="14" count="2" type="stmt"/>
        <line num="17" count="0" type="stmt"/>
        <line num="20" count="0" type="stmt"/>
        <line num="23" count="0" type="stmt"/>
        <line num="26" count="0" type="stmt"/>
        <line num="31" count="0" type="stmt"/>
      </file>
      <file name="index.ts" path="/home/runner/work/vue-test-ts/vue-test-ts/G:\git_clones\vue-test-ts\src\router\index.ts">
        <metrics statements="3" coveredstatements="2" conditionals="0" coveredconditionals="0" methods="1" coveredmethods="0"/>
        <line num="4" count="3" type="stmt"/>
        <line num="17" count="0" type="stmt"/>
        <line num="21" count="3" type="stmt"/>
      </file>
    </package>
    <package name="vue-test-ts.src">
      <file name="main.ts" path="/home/runner/work/vue-test-ts/vue-test-ts/src/main.ts">
        <metrics statements="1" coveredstatements="1" conditionals="0" coveredconditionals="0" methods="0" coveredmethods="0"/>
        <line num="7" count="6" type="stmt"/>
      </file>
      <file name="registerServiceWorker.ts" path="/home/runner/work/vue-test-ts/vue-test-ts/src/registerServiceWorker.ts">
        <metrics statements="9" coveredstatements="1" conditionals="2" coveredconditionals="1" methods="7" coveredmethods="0"/>
        <line num="5" count="6" type="cond" truecount="1" falsecount="1"/>
        <line num="6" count="7" type="stmt"/>
        <line num="8" count="7" type="stmt"/>
        <line num="14" count="6" type="stmt"/>
        <line num="17" count="0" type="stmt"/>
        <line num="20" count="0" type="stmt"/>
        <line num="23" count="0" type="stmt"/>
        <line num="26" count="0" type="stmt"/>
        <line num="29" count="0" type="stmt"/>
      </file>
    </package>
    <package name="vue-test-ts.src.router">
      <metrics statements="3" coveredstatements="3" conditionals="0" coveredconditionals="0" methods="1" coveredmethods="1"/>
      <file name="index.ts" path="/home/runner/work/vue-test-ts/vue-test-ts/src/router/index.ts">
        <metrics statements="3" coveredstatements="3" conditionals="0" coveredconditionals="0" methods="1" coveredmethods="1"/>
        <line num="4" count="6" type="stmt"/>
        <line num="16" count="2" type="stmt"/>
        <line num="21" count="7" type="stmt"/>
      </file>
    </package>
  </project>
</coverage>
