{"/home/runner/work/vue-test-ts/vue-test-ts/src/main.ts": {"path":"/home/runner/work/vue-test-ts/vue-test-ts/src/main.ts","statementMap":{"0":{"start":{"line":7,"column":0},"end":{"line":10,"column":17}}},"fnMap":{},"branchMap":{},"s":{"0":6},"f":{},"b":{}}
,"/home/runner/work/vue-test-ts/vue-test-ts/src/registerServiceWorker.ts": {"path":"/home/runner/work/vue-test-ts/vue-test-ts/src/registerServiceWorker.ts","statementMap":{"0":{"start":{"line":5,"column":0},"end":{"line":34,"column":null}},"1":{"start":{"line":6,"column":2},"end":{"line":33,"column":5}},"2":{"start":{"line":8,"column":6},"end":{"line":11,"column":8}},"3":{"start":{"line":14,"column":6},"end":{"line":14,"column":57}},"4":{"start":{"line":17,"column":6},"end":{"line":17,"column":62}},"5":{"start":{"line":20,"column":6},"end":{"line":20,"column":49}},"6":{"start":{"line":23,"column":6},"end":{"line":23,"column":63}},"7":{"start":{"line":26,"column":6},"end":{"line":28,"column":8}},"8":{"start":{"line":31,"column":6},"end":{"line":31,"column":72}}},"fnMap":{"0":{"name":"(anonymous_0)","decl":{"start":{"line":7,"column":4},"end":{"line":7,"column":9}},"loc":{"start":{"line":7,"column":9},"end":{"line":12,"column":5}}},"1":{"name":"(anonymous_1)","decl":{"start":{"line":13,"column":4},"end":{"line":13,"column":14}},"loc":{"start":{"line":13,"column":14},"end":{"line":15,"column":5}}},"2":{"name":"(anonymous_2)","decl":{"start":{"line":16,"column":4},"end":{"line":16,"column":10}},"loc":{"start":{"line":16,"column":10},"end":{"line":18,"column":5}}},"3":{"name":"(anonymous_3)","decl":{"start":{"line":19,"column":4},"end":{"line":19,"column":15}},"loc":{"start":{"line":19,"column":15},"end":{"line":21,"column":5}}},"4":{"name":"(anonymous_4)","decl":{"start":{"line":22,"column":4},"end":{"line":22,"column":11}},"loc":{"start":{"line":22,"column":11},"end":{"line":24,"column":5}}},"5":{"name":"(anonymous_5)","decl":{"start":{"line":25,"column":4},"end":{"line":25,"column":11}},"loc":{"start":{"line":25,"column":11},"end":{"line":29,"column":5}}},"6":{"name":"(anonymous_6)","decl":{"start":{"line":30,"column":4},"end":{"line":30,"column":9}},"loc":{"start":{"line":30,"column":15},"end":{"line":32,"column":5}}}},"branchMap":{"0":{"loc":{"start":{"line":5,"column":0},"end":{"line":34,"column":null}},"type":"if","locations":[{"start":{"line":5,"column":0},"end":{"line":34,"column":null}},{"start":{"line":5,"column":0},"end":{"line":34,"column":null}}]}},"s":{"0":6,"1":6,"2":2,"3":2,"4":0,"5":0,"6":0,"7":0,"8":0},"f":{"0":2,"1":2,"2":0,"3":0,"4":0,"5":0,"6":0},"b":{"0":[6,0]}}
,"/home/runner/work/vue-test-ts/vue-test-ts/src/router/index.ts": {"path":"/home/runner/work/vue-test-ts/vue-test-ts/src/router/index.ts","statementMap":{"0":{"start":{"line":4,"column":38},"end":{"line":19,"column":2}},"1":{"start":{"line":17,"column":6},"end":{"line":17,"column":66}},"2":{"start":{"line":21,"column":15},"end":{"line":24,"column":2}}},"fnMap":{"0":{"name":"(anonymous_0)","decl":{"start":{"line":16,"column":15},"end":{"line":16,"column":18}},"loc":{"start":{"line":17,"column":6},"end":{"line":17,"column":66}}}},"branchMap":{},"s":{"0":6,"1":2,"2":6},"f":{"0":2},"b":{}}
}
