{"total": {"lines":{"total":26,"covered":15,"skipped":0,"pct":57.69},"statements":{"total":26,"covered":15,"skipped":0,"pct":57.69},"functions":{"total":16,"covered":5,"skipped":0,"pct":31.25},"branches":{"total":4,"covered":2,"skipped":0,"pct":50}}
,"/home/runner/work/vue-test-ts/vue-test-ts/G:\\git_clones\\vue-test-ts\\src\\main.ts": {"lines":{"total":1,"covered":1,"skipped":0,"pct":100},"functions":{"total":0,"covered":0,"skipped":0,"pct":100},"statements":{"total":1,"covered":1,"skipped":0,"pct":100},"branches":{"total":0,"covered":0,"skipped":0,"pct":100}}
,"/home/runner/work/vue-test-ts/vue-test-ts/G:\\git_clones\\vue-test-ts\\src\\registerServiceWorker.ts": {"lines":{"total":9,"covered":4,"skipped":0,"pct":44.44},"functions":{"total":7,"covered":2,"skipped":0,"pct":28.57},"statements":{"total":9,"covered":4,"skipped":0,"pct":44.44},"branches":{"total":2,"covered":1,"skipped":0,"pct":50}}
,"/home/runner/work/vue-test-ts/vue-test-ts/G:\\git_clones\\vue-test-ts\\src\\router\\index.ts": {"lines":{"total":3,"covered":2,"skipped":0,"pct":66.67},"functions":{"total":1,"covered":0,"skipped":0,"pct":0},"statements":{"total":3,"covered":2,"skipped":0,"pct":66.67},"branches":{"total":0,"covered":0,"skipped":0,"pct":100}}
,"/home/runner/work/vue-test-ts/vue-test-ts/src/main.ts": {"lines":{"total":1,"covered":1,"skipped":0,"pct":100},"functions":{"total":0,"covered":0,"skipped":0,"pct":100},"statements":{"total":1,"covered":1,"skipped":0,"pct":100},"branches":{"total":0,"covered":0,"skipped":0,"pct":100}}
,"/home/runner/work/vue-test-ts/vue-test-ts/src/registerServiceWorker.ts": {"lines":{"total":9,"covered":4,"skipped":0,"pct":44.44},"functions":{"total":7,"covered":2,"skipped":0,"pct":28.57},"statements":{"total":9,"covered":4,"skipped":0,"pct":44.44},"branches":{"total":2,"covered":1,"skipped":0,"pct":50}}
,"/home/runner/work/vue-test-ts/vue-test-ts/src/router/index.ts": {"lines":{"total":3,"covered":3,"skipped":0,"pct":100},"functions":{"total":1,"covered":1,"skipped":0,"pct":100},"statements":{"total":3,"covered":3,"skipped":0,"pct":100},"branches":{"total":0,"covered":0,"skipped":0,"pct":100}}
}
